[21-Apr-2020 19:53:57 Europe/Berlin] PHP Notice:  Undefined variable: konekcija in C:\xampp\htdocs\RGB\backend\scoreboardController.php on line 8
[21-Apr-2020 19:53:57 Europe/Berlin] PHP Fatal error:  Uncaught Error: Call to a member function query() on null in C:\xampp\htdocs\RGB\backend\scoreboardController.php:8
Stack trace:
#0 C:\xampp\htdocs\RGB\scoreboard.php(4): findScores()
#1 {main}
  thrown in C:\xampp\htdocs\RGB\backend\scoreboardController.php on line 8
[21-Apr-2020 19:54:41 Europe/Berlin] PHP Notice:  Undefined variable: conn in C:\xampp\htdocs\RGB\backend\scoreboardController.php on line 8
[21-Apr-2020 19:54:41 Europe/Berlin] PHP Fatal error:  Uncaught Error: Call to a member function query() on null in C:\xampp\htdocs\RGB\backend\scoreboardController.php:8
Stack trace:
#0 C:\xampp\htdocs\RGB\scoreboard.php(4): findScores()
#1 {main}
  thrown in C:\xampp\htdocs\RGB\backend\scoreboardController.php on line 8
[21-Apr-2020 19:54:49 Europe/Berlin] PHP Notice:  Undefined variable: conn in C:\xampp\htdocs\RGB\backend\scoreboardController.php on line 8
[21-Apr-2020 19:54:49 Europe/Berlin] PHP Fatal error:  Uncaught Error: Call to a member function query() on null in C:\xampp\htdocs\RGB\backend\scoreboardController.php:8
Stack trace:
#0 C:\xampp\htdocs\RGB\scoreboard.php(4): findScores()
#1 {main}
  thrown in C:\xampp\htdocs\RGB\backend\scoreboardController.php on line 8
[21-Apr-2020 19:55:51 Europe/Berlin] PHP Notice:  Undefined variable: conn in C:\xampp\htdocs\RGB\backend\scoreboardController.php on line 8
[21-Apr-2020 19:55:51 Europe/Berlin] PHP Fatal error:  Uncaught Error: Call to a member function query() on null in C:\xampp\htdocs\RGB\backend\scoreboardController.php:8
Stack trace:
#0 C:\xampp\htdocs\RGB\scoreboard.php(4): findScores()
#1 {main}
  thrown in C:\xampp\htdocs\RGB\backend\scoreboardController.php on line 8
[21-Apr-2020 19:56:47 Europe/Berlin] PHP Notice:  Undefined variable: conn in C:\xampp\htdocs\RGB\backend\scoreboardController.php on line 8
[21-Apr-2020 19:56:47 Europe/Berlin] PHP Fatal error:  Uncaught Error: Call to a member function query() on null in C:\xampp\htdocs\RGB\backend\scoreboardController.php:8
Stack trace:
#0 C:\xampp\htdocs\RGB\scoreboard.php(4): findScores()
#1 {main}
  thrown in C:\xampp\htdocs\RGB\backend\scoreboardController.php on line 8
[21-Apr-2020 19:57:34 Europe/Berlin] PHP Notice:  Undefined variable: conn in C:\xampp\htdocs\RGB\backend\scoreboardController.php on line 7
[21-Apr-2020 19:57:34 Europe/Berlin] PHP Fatal error:  Uncaught Error: Call to a member function query() on null in C:\xampp\htdocs\RGB\backend\scoreboardController.php:7
Stack trace:
#0 C:\xampp\htdocs\RGB\scoreboard.php(5): findScores()
#1 {main}
  thrown in C:\xampp\htdocs\RGB\backend\scoreboardController.php on line 7
[21-Apr-2020 19:59:06 Europe/Berlin] PHP Notice:  Undefined variable: conn in C:\xampp\htdocs\RGB\backend\scoreboardController.php on line 7
[21-Apr-2020 19:59:06 Europe/Berlin] PHP Fatal error:  Uncaught Error: Call to a member function query() on null in C:\xampp\htdocs\RGB\backend\scoreboardController.php:7
Stack trace:
#0 C:\xampp\htdocs\RGB\scoreboard.php(4): findScores()
#1 {main}
  thrown in C:\xampp\htdocs\RGB\backend\scoreboardController.php on line 7
[21-Apr-2020 19:59:11 Europe/Berlin] PHP Notice:  Undefined variable: conn in C:\xampp\htdocs\RGB\backend\scoreboardController.php on line 7
[21-Apr-2020 19:59:11 Europe/Berlin] PHP Fatal error:  Uncaught Error: Call to a member function query() on null in C:\xampp\htdocs\RGB\backend\scoreboardController.php:7
Stack trace:
#0 C:\xampp\htdocs\RGB\scoreboard.php(4): findScores()
#1 {main}
  thrown in C:\xampp\htdocs\RGB\backend\scoreboardController.php on line 7
[21-Apr-2020 20:02:02 Europe/Berlin] PHP Notice:  Undefined variable: n in C:\xampp\htdocs\RGB\scoreboard.php on line 42
[21-Apr-2020 20:02:02 Europe/Berlin] PHP Fatal error:  Uncaught Error: Call to a member function getScore() on null in C:\xampp\htdocs\RGB\scoreboard.php:42
Stack trace:
#0 {main}
  thrown in C:\xampp\htdocs\RGB\scoreboard.php on line 42
[21-Apr-2020 20:03:17 Europe/Berlin] PHP Notice:  Undefined variable: n in C:\xampp\htdocs\RGB\scoreboard.php on line 42
[21-Apr-2020 20:03:17 Europe/Berlin] PHP Fatal error:  Uncaught Error: Call to a member function getScore() on null in C:\xampp\htdocs\RGB\scoreboard.php:42
Stack trace:
#0 {main}
  thrown in C:\xampp\htdocs\RGB\scoreboard.php on line 42
